c:\users\irisl\desktop\enti\3r cdi\1r semestre\tècniques d'intel·ligència artificial\aa3\2324_ai_pathfinding\sdl_pathfinding\sdl_pathfinding\sdl_pathfinding\debug\vc143.pdb
c:\users\irisl\desktop\enti\3r cdi\1r semestre\tècniques d'intel·ligència artificial\aa3\2324_ai_pathfinding\sdl_pathfinding\sdl_pathfinding\sdl_pathfinding\debug\vc143.idb
c:\users\irisl\desktop\enti\3r cdi\1r semestre\tècniques d'intel·ligència artificial\aa3\2324_ai_pathfinding\sdl_pathfinding\sdl_pathfinding\sdl_pathfinding\debug\pathfollowing.obj
c:\users\irisl\desktop\enti\3r cdi\1r semestre\tècniques d'intel·ligència artificial\aa3\2324_ai_pathfinding\sdl_pathfinding\sdl_pathfinding\sdl_pathfinding\debug\pathfindingproblem.obj
c:\users\irisl\desktop\enti\3r cdi\1r semestre\tècniques d'intel·ligència artificial\aa3\2324_ai_pathfinding\sdl_pathfinding\sdl_pathfinding\sdl_pathfinding\debug\octiledistance.obj
c:\users\irisl\desktop\enti\3r cdi\1r semestre\tècniques d'intel·ligència artificial\aa3\2324_ai_pathfinding\sdl_pathfinding\sdl_pathfinding\sdl_pathfinding\debug\manhattandistance.obj
c:\users\irisl\desktop\enti\3r cdi\1r semestre\tècniques d'intel·ligència artificial\aa3\2324_ai_pathfinding\sdl_pathfinding\sdl_pathfinding\sdl_pathfinding\debug\main.obj
c:\users\irisl\desktop\enti\3r cdi\1r semestre\tècniques d'intel·ligència artificial\aa3\2324_ai_pathfinding\sdl_pathfinding\sdl_pathfinding\sdl_pathfinding\debug\heuristiccalculator.obj
c:\users\irisl\desktop\enti\3r cdi\1r semestre\tècniques d'intel·ligència artificial\aa3\2324_ai_pathfinding\sdl_pathfinding\sdl_pathfinding\sdl_pathfinding\debug\grid.obj
c:\users\irisl\desktop\enti\3r cdi\1r semestre\tècniques d'intel·ligència artificial\aa3\2324_ai_pathfinding\sdl_pathfinding\sdl_pathfinding\sdl_pathfinding\debug\greedyalgorithm.obj
c:\users\irisl\desktop\enti\3r cdi\1r semestre\tècniques d'intel·ligència artificial\aa3\2324_ai_pathfinding\sdl_pathfinding\sdl_pathfinding\sdl_pathfinding\debug\euclideandistance.obj
c:\users\irisl\desktop\enti\3r cdi\1r semestre\tècniques d'intel·ligència artificial\aa3\2324_ai_pathfinding\sdl_pathfinding\sdl_pathfinding\sdl_pathfinding\debug\dijkstraalgorithm.obj
c:\users\irisl\desktop\enti\3r cdi\1r semestre\tècniques d'intel·ligència artificial\aa3\2324_ai_pathfinding\sdl_pathfinding\sdl_pathfinding\sdl_pathfinding\debug\diagonaldistance.obj
c:\users\irisl\desktop\enti\3r cdi\1r semestre\tècniques d'intel·ligència artificial\aa3\2324_ai_pathfinding\sdl_pathfinding\sdl_pathfinding\sdl_pathfinding\debug\connection.obj
c:\users\irisl\desktop\enti\3r cdi\1r semestre\tècniques d'intel·ligència artificial\aa3\2324_ai_pathfinding\sdl_pathfinding\sdl_pathfinding\sdl_pathfinding\debug\chebyshevdistance.obj
c:\users\irisl\desktop\enti\3r cdi\1r semestre\tècniques d'intel·ligència artificial\aa3\2324_ai_pathfinding\sdl_pathfinding\sdl_pathfinding\sdl_pathfinding\debug\bfsalgorithm.obj
c:\users\irisl\desktop\enti\3r cdi\1r semestre\tècniques d'intel·ligència artificial\aa3\2324_ai_pathfinding\sdl_pathfinding\sdl_pathfinding\sdl_pathfinding\debug\astaralgorithm.obj
c:\users\irisl\desktop\enti\3r cdi\1r semestre\tècniques d'intel·ligència artificial\aa3\2324_ai_pathfinding\sdl_pathfinding\sdl_pathfinding\sdl_pathfinding\debug\pathcalculator.obj
c:\users\irisl\desktop\enti\3r cdi\1r semestre\tècniques d'intel·ligència artificial\aa3\2324_ai_pathfinding\sdl_pathfinding\sdl_pathfinding\sdl_pathfinding\debug\graph.obj
c:\users\irisl\desktop\enti\3r cdi\1r semestre\tècniques d'intel·ligència artificial\aa3\2324_ai_pathfinding\sdl_pathfinding\sdl_pathfinding\sdl_pathfinding\debug\frontierelement.obj
c:\users\irisl\desktop\enti\3r cdi\1r semestre\tècniques d'intel·ligència artificial\aa3\2324_ai_pathfinding\sdl_pathfinding\sdl_pathfinding\sdl_pathfinding\debug\fileserializer.obj
c:\users\irisl\desktop\enti\3r cdi\1r semestre\tècniques d'intel·ligència artificial\aa3\2324_ai_pathfinding\sdl_pathfinding\sdl_pathfinding\sdl_pathfinding\debug\agent.obj
c:\users\irisl\desktop\enti\3r cdi\1r semestre\tècniques d'intel·ligència artificial\aa3\2324_ai_pathfinding\sdl_pathfinding\sdl_pathfinding\sdl_pathfinding\debug\utils.obj
c:\users\irisl\desktop\enti\3r cdi\1r semestre\tècniques d'intel·ligència artificial\aa3\2324_ai_pathfinding\sdl_pathfinding\sdl_pathfinding\sdl_pathfinding\debug\seek.obj
c:\users\irisl\desktop\enti\3r cdi\1r semestre\tècniques d'intel·ligència artificial\aa3\2324_ai_pathfinding\sdl_pathfinding\sdl_pathfinding\sdl_pathfinding\debug\sdl_simpleapp.obj
c:\users\irisl\desktop\enti\3r cdi\1r semestre\tècniques d'intel·ligència artificial\aa3\2324_ai_pathfinding\sdl_pathfinding\sdl_pathfinding\sdl_pathfinding\debug\scenetsp.obj
c:\users\irisl\desktop\enti\3r cdi\1r semestre\tècniques d'intel·ligència artificial\aa3\2324_ai_pathfinding\sdl_pathfinding\sdl_pathfinding\sdl_pathfinding\debug\scenepathfindingmouse.obj
c:\users\irisl\desktop\enti\3r cdi\1r semestre\tècniques d'intel·ligència artificial\aa3\2324_ai_pathfinding\sdl_pathfinding\sdl_pathfinding\sdl_pathfinding\debug\scenepathfindingalgorithmswithenemies.obj
c:\users\irisl\desktop\enti\3r cdi\1r semestre\tècniques d'intel·ligència artificial\aa3\2324_ai_pathfinding\sdl_pathfinding\sdl_pathfinding\sdl_pathfinding\debug\scenepathfindingalgorithms.obj
c:\users\irisl\desktop\enti\3r cdi\1r semestre\tècniques d'intel·ligència artificial\aa3\2324_ai_pathfinding\sdl_pathfinding\sdl_pathfinding\sdl_pathfinding\debug\scenealgorithmcomparison.obj
c:\users\irisl\desktop\enti\3r cdi\1r semestre\tècniques d'intel·ligència artificial\aa3\2324_ai_pathfinding\sdl_pathfinding\sdl_pathfinding\sdl_pathfinding\debug\sdl_pathfinding.ilk
c:\users\irisl\desktop\enti\3r cdi\1r semestre\tècniques d'intel·ligència artificial\aa3\2324_ai_pathfinding\sdl_pathfinding\bin\sdl_pathfinding.exe
c:\users\irisl\desktop\enti\3r cdi\1r semestre\tècniques d'intel·ligència artificial\aa3\2324_ai_pathfinding\sdl_pathfinding\bin\sdl_pathfinding.pdb
c:\users\irisl\desktop\enti\3r cdi\1r semestre\tècniques d'intel·ligència artificial\aa3\2324_ai_pathfinding\sdl_pathfinding\\bin\sdl_pathfinding.pdb
c:\users\irisl\desktop\enti\3r cdi\1r semestre\tècniques d'intel·ligència artificial\aa3\2324_ai_pathfinding\sdl_pathfinding\sdl_pathfinding\sdl_pathfinding\debug\sdl_pathfinding.tlog\cl.command.1.tlog
c:\users\irisl\desktop\enti\3r cdi\1r semestre\tècniques d'intel·ligència artificial\aa3\2324_ai_pathfinding\sdl_pathfinding\sdl_pathfinding\sdl_pathfinding\debug\sdl_pathfinding.tlog\cl.read.1.tlog
c:\users\irisl\desktop\enti\3r cdi\1r semestre\tècniques d'intel·ligència artificial\aa3\2324_ai_pathfinding\sdl_pathfinding\sdl_pathfinding\sdl_pathfinding\debug\sdl_pathfinding.tlog\cl.write.1.tlog
c:\users\irisl\desktop\enti\3r cdi\1r semestre\tècniques d'intel·ligència artificial\aa3\2324_ai_pathfinding\sdl_pathfinding\sdl_pathfinding\sdl_pathfinding\debug\sdl_pathfinding.tlog\link.command.1.tlog
c:\users\irisl\desktop\enti\3r cdi\1r semestre\tècniques d'intel·ligència artificial\aa3\2324_ai_pathfinding\sdl_pathfinding\sdl_pathfinding\sdl_pathfinding\debug\sdl_pathfinding.tlog\link.read.1.tlog
c:\users\irisl\desktop\enti\3r cdi\1r semestre\tècniques d'intel·ligència artificial\aa3\2324_ai_pathfinding\sdl_pathfinding\sdl_pathfinding\sdl_pathfinding\debug\sdl_pathfinding.tlog\link.write.1.tlog
