  Agent.cpp
  PathCalculator.cpp
  AStarAlgorithm.cpp
  BFSAlgorithm.cpp
  ChebyshevDistance.cpp
  Connection.cpp
  DiagonalDistance.cpp
  DijkstraAlgorithm.cpp
  EuclideanDistance.cpp
  GreedyAlgorithm.cpp
  Grid.cpp
  HeuristicCalculator.cpp
  main.cpp
  ManhattanDistance.cpp
  OctileDistance.cpp
  PathFollowing.cpp
  ScenePathFindingMouse.cpp
  SDL_SimpleApp.cpp
  Seek.cpp
  utils.cpp
  Generating Code...
  SDL_Pathfinding.vcxproj -> C:\Users\irisl\Desktop\ENTI\3r CDI\1r Semestre\Tècniques d'Intel·ligència Artificial\AA3\2324_AI_Pathfinding\SDL_Pathfinding\bin\SDL_Pathfinding.exe
